<?xml version="1.0" encoding="utf-8"?><testsuites name="pytest tests"><testsuite name="pytest" errors="0" failures="0" skipped="0" tests="19" time="33.110" timestamp="2026-01-22T11:19:34.600495+00:00" hostname="agent-env-9eac7252-99bb-454c-b98f-fbf78c34bd97"><testcase classname="tests.test_prescription_api.TestAuthentication" name="test_login_success" time="7.210" /><testcase classname="tests.test_prescription_api.TestAuthentication" name="test_login_invalid_credentials" time="11.298" /><testcase classname="tests.test_prescription_api.TestAuthentication" name="test_verify_token" time="0.105" /><testcase classname="tests.test_prescription_api.TestPrescriptionCRUD" name="test_create_prescription" time="5.265" /><testcase classname="tests.test_prescription_api.TestPrescriptionCRUD" name="test_get_prescription_by_id" time="7.314" /><testcase classname="tests.test_prescription_api.TestPrescriptionCRUD" name="test_get_all_prescriptions" time="0.076" /><testcase classname="tests.test_prescription_api.TestPrescriptionCRUD" name="test_get_prescriptions_by_op_no" time="0.080" /><testcase classname="tests.test_prescription_api.TestEditPrescription" name="test_update_prescription_basic_fields" time="0.240" /><testcase classname="tests.test_prescription_api.TestEditPrescription" name="test_update_prescription_drugs" time="0.160" /><testcase classname="tests.test_prescription_api.TestEditPrescription" name="test_update_prescription_new_fields" time="0.161" /><testcase classname="tests.test_prescription_api.TestEditPrescription" name="test_update_nonexistent_prescription" time="0.171" /><testcase classname="tests.test_prescription_api.TestPDFGeneration" name="test_pdf_generation_basic" time="0.305" /><testcase classname="tests.test_prescription_api.TestPDFGeneration" name="test_pdf_multipage_prescription" time="0.208" /><testcase classname="tests.test_prescription_api.TestDoctorAndDrugAPIs" name="test_get_doctors_list" time="0.036" /><testcase classname="tests.test_prescription_api.TestDoctorAndDrugAPIs" name="test_get_doctor_by_id" time="0.039" /><testcase classname="tests.test_prescription_api.TestDoctorAndDrugAPIs" name="test_drug_search" time="0.039" /><testcase classname="tests.test_prescription_api.TestDoctorAndDrugAPIs" name="test_drug_list_default" time="0.034" /><testcase classname="tests.test_prescription_api.TestDeletePrescription" name="test_delete_prescription" time="0.159" /><testcase classname="tests.test_prescription_api.TestDeletePrescription" name="test_delete_nonexistent_prescription" time="0.080" /></testsuite></testsuites>